2025-07-18T17:46:29.560+05:30  INFO 56764 --- [hashtag-service] [main] c.e.h.HashtagServiceApplicationTests     : Starting HashtagServiceApplicationTests using Java 24.0.1 with PID 56764 (started by amithavikraman in /Users/amithavikraman/Documents/Coding/hashtag-analytics-service/hashtag-service)
2025-07-18T17:46:29.561+05:30 DEBUG 56764 --- [hashtag-service] [main] c.e.h.HashtagServiceApplicationTests     : Running with Spring Boot v3.5.3, Spring v6.2.8
2025-07-18T17:46:29.561+05:30  INFO 56764 --- [hashtag-service] [main] c.e.h.HashtagServiceApplicationTests     : The following 1 profile is active: "local"
2025-07-18T17:46:29.902+05:30  INFO 56764 --- [hashtag-service] [main] .s.d.r.c.RepositoryConfigurationDelegate : Multiple Spring Data modules found, entering strict repository configuration mode
2025-07-18T17:46:29.903+05:30  INFO 56764 --- [hashtag-service] [main] .s.d.r.c.RepositoryConfigurationDelegate : Bootstrapping Spring Data Redis repositories in DEFAULT mode.
2025-07-18T17:46:29.920+05:30  INFO 56764 --- [hashtag-service] [main] .s.d.r.c.RepositoryConfigurationDelegate : Finished Spring Data repository scanning in 6 ms. Found 0 Redis repository interfaces.
2025-07-18T17:46:30.579+05:30  INFO 56764 --- [hashtag-service] [main] o.a.k.clients.consumer.ConsumerConfig    : ConsumerConfig values: 
	allow.auto.create.topics = true
	auto.commit.interval.ms = 5000
	auto.include.jmx.reporter = true
	auto.offset.reset = earliest
	bootstrap.servers = [localhost:9092]
	check.crcs = true
	client.dns.lookup = use_all_dns_ips
	client.id = consumer-hashtag-analytics-group-1
	client.rack = 
	connections.max.idle.ms = 540000
	default.api.timeout.ms = 60000
	enable.auto.commit = false
	enable.metrics.push = true
	exclude.internal.topics = true
	fetch.max.bytes = 52428800
	fetch.max.wait.ms = 500
	fetch.min.bytes = 1
	group.id = hashtag-analytics-group
	group.instance.id = null
	group.protocol = classic
	group.remote.assignor = null
	heartbeat.interval.ms = 3000
	interceptor.classes = []
	internal.leave.group.on.close = true
	internal.throw.on.fetch.stable.offset.unsupported = false
	isolation.level = read_uncommitted
	key.deserializer = class org.apache.kafka.common.serialization.StringDeserializer
	max.partition.fetch.bytes = 1048576
	max.poll.interval.ms = 300000
	max.poll.records = 500
	metadata.max.age.ms = 300000
	metadata.recovery.strategy = none
	metric.reporters = []
	metrics.num.samples = 2
	metrics.recording.level = INFO
	metrics.sample.window.ms = 30000
	partition.assignment.strategy = [class org.apache.kafka.clients.consumer.RangeAssignor, class org.apache.kafka.clients.consumer.CooperativeStickyAssignor]
	receive.buffer.bytes = 65536
	reconnect.backoff.max.ms = 1000
	reconnect.backoff.ms = 50
	request.timeout.ms = 30000
	retry.backoff.max.ms = 1000
	retry.backoff.ms = 100
	sasl.client.callback.handler.class = null
	sasl.jaas.config = null
	sasl.kerberos.kinit.cmd = /usr/bin/kinit
	sasl.kerberos.min.time.before.relogin = 60000
	sasl.kerberos.service.name = null
	sasl.kerberos.ticket.renew.jitter = 0.05
	sasl.kerberos.ticket.renew.window.factor = 0.8
	sasl.login.callback.handler.class = null
	sasl.login.class = null
	sasl.login.connect.timeout.ms = null
	sasl.login.read.timeout.ms = null
	sasl.login.refresh.buffer.seconds = 300
	sasl.login.refresh.min.period.seconds = 60
	sasl.login.refresh.window.factor = 0.8
	sasl.login.refresh.window.jitter = 0.05
	sasl.login.retry.backoff.max.ms = 10000
	sasl.login.retry.backoff.ms = 100
	sasl.mechanism = GSSAPI
	sasl.oauthbearer.clock.skew.seconds = 30
	sasl.oauthbearer.expected.audience = null
	sasl.oauthbearer.expected.issuer = null
	sasl.oauthbearer.header.urlencode = false
	sasl.oauthbearer.jwks.endpoint.refresh.ms = 3600000
	sasl.oauthbearer.jwks.endpoint.retry.backoff.max.ms = 10000
	sasl.oauthbearer.jwks.endpoint.retry.backoff.ms = 100
	sasl.oauthbearer.jwks.endpoint.url = null
	sasl.oauthbearer.scope.claim.name = scope
	sasl.oauthbearer.sub.claim.name = sub
	sasl.oauthbearer.token.endpoint.url = null
	security.protocol = PLAINTEXT
	security.providers = null
	send.buffer.bytes = 131072
	session.timeout.ms = 45000
	socket.connection.setup.timeout.max.ms = 30000
	socket.connection.setup.timeout.ms = 10000
	ssl.cipher.suites = null
	ssl.enabled.protocols = [TLSv1.2, TLSv1.3]
	ssl.endpoint.identification.algorithm = https
	ssl.engine.factory.class = null
	ssl.key.password = null
	ssl.keymanager.algorithm = SunX509
	ssl.keystore.certificate.chain = null
	ssl.keystore.key = null
	ssl.keystore.location = null
	ssl.keystore.password = null
	ssl.keystore.type = JKS
	ssl.protocol = TLSv1.3
	ssl.provider = null
	ssl.secure.random.implementation = null
	ssl.trustmanager.algorithm = PKIX
	ssl.truststore.certificates = null
	ssl.truststore.location = null
	ssl.truststore.password = null
	ssl.truststore.type = JKS
	value.deserializer = class org.apache.kafka.common.serialization.StringDeserializer

2025-07-18T17:46:30.603+05:30  INFO 56764 --- [hashtag-service] [main] o.a.k.c.t.i.KafkaMetricsCollector        : initializing Kafka metrics collector
2025-07-18T17:46:30.696+05:30  INFO 56764 --- [hashtag-service] [main] o.a.kafka.common.utils.AppInfoParser     : Kafka version: 3.9.1
2025-07-18T17:46:30.696+05:30  INFO 56764 --- [hashtag-service] [main] o.a.kafka.common.utils.AppInfoParser     : Kafka commitId: f745dfdcee2b9851
2025-07-18T17:46:30.696+05:30  INFO 56764 --- [hashtag-service] [main] o.a.kafka.common.utils.AppInfoParser     : Kafka startTimeMs: 1752840990695
2025-07-18T17:46:30.698+05:30  INFO 56764 --- [hashtag-service] [main] o.a.k.c.c.i.ClassicKafkaConsumer         : [Consumer clientId=consumer-hashtag-analytics-group-1, groupId=hashtag-analytics-group] Subscribed to topic(s): captions
2025-07-18T17:46:30.707+05:30  INFO 56764 --- [hashtag-service] [main] c.e.h.HashtagServiceApplicationTests     : Started HashtagServiceApplicationTests in 1.301 seconds (process running for 1.762)
2025-07-18T17:46:30.846+05:30  INFO 56764 --- [hashtag-service] [org.springframework.kafka.KafkaListenerEndpointContainer#0-0-C-1] org.apache.kafka.clients.NetworkClient   : [Consumer clientId=consumer-hashtag-analytics-group-1, groupId=hashtag-analytics-group] Node -1 disconnected.
2025-07-18T17:46:30.847+05:30  WARN 56764 --- [hashtag-service] [org.springframework.kafka.KafkaListenerEndpointContainer#0-0-C-1] org.apache.kafka.clients.NetworkClient   : [Consumer clientId=consumer-hashtag-analytics-group-1, groupId=hashtag-analytics-group] Connection to node -1 (localhost/127.0.0.1:9092) could not be established. Node may not be available.
2025-07-18T17:46:30.847+05:30  WARN 56764 --- [hashtag-service] [org.springframework.kafka.KafkaListenerEndpointContainer#0-0-C-1] org.apache.kafka.clients.NetworkClient   : [Consumer clientId=consumer-hashtag-analytics-group-1, groupId=hashtag-analytics-group] Bootstrap broker localhost:9092 (id: -1 rack: null) disconnected
2025-07-18T17:46:30.951+05:30  INFO 56764 --- [hashtag-service] [org.springframework.kafka.KafkaListenerEndpointContainer#0-0-C-1] org.apache.kafka.clients.NetworkClient   : [Consumer clientId=consumer-hashtag-analytics-group-1, groupId=hashtag-analytics-group] Node -1 disconnected.
2025-07-18T17:46:30.951+05:30  WARN 56764 --- [hashtag-service] [org.springframework.kafka.KafkaListenerEndpointContainer#0-0-C-1] org.apache.kafka.clients.NetworkClient   : [Consumer clientId=consumer-hashtag-analytics-group-1, groupId=hashtag-analytics-group] Connection to node -1 (localhost/127.0.0.1:9092) could not be established. Node may not be available.
2025-07-18T17:46:30.951+05:30  WARN 56764 --- [hashtag-service] [org.springframework.kafka.KafkaListenerEndpointContainer#0-0-C-1] org.apache.kafka.clients.NetworkClient   : [Consumer clientId=consumer-hashtag-analytics-group-1, groupId=hashtag-analytics-group] Bootstrap broker localhost:9092 (id: -1 rack: null) disconnected
2025-07-18T17:46:31.105+05:30  INFO 56764 --- [hashtag-service] [org.springframework.kafka.KafkaListenerEndpointContainer#0-0-C-1] org.apache.kafka.clients.NetworkClient   : [Consumer clientId=consumer-hashtag-analytics-group-1, groupId=hashtag-analytics-group] Node -1 disconnected.
2025-07-18T17:46:31.105+05:30  WARN 56764 --- [hashtag-service] [org.springframework.kafka.KafkaListenerEndpointContainer#0-0-C-1] org.apache.kafka.clients.NetworkClient   : [Consumer clientId=consumer-hashtag-analytics-group-1, groupId=hashtag-analytics-group] Connection to node -1 (localhost/127.0.0.1:9092) could not be established. Node may not be available.
2025-07-18T17:46:31.106+05:30  WARN 56764 --- [hashtag-service] [org.springframework.kafka.KafkaListenerEndpointContainer#0-0-C-1] org.apache.kafka.clients.NetworkClient   : [Consumer clientId=consumer-hashtag-analytics-group-1, groupId=hashtag-analytics-group] Bootstrap broker localhost:9092 (id: -1 rack: null) disconnected
2025-07-18T17:46:31.122+05:30  INFO 56764 --- [hashtag-service] [org.springframework.kafka.KafkaListenerEndpointContainer#0-0-C-1] o.a.k.c.c.internals.ConsumerCoordinator  : [Consumer clientId=consumer-hashtag-analytics-group-1, groupId=hashtag-analytics-group] Resetting generation and member id due to: consumer pro-actively leaving the group
2025-07-18T17:46:31.122+05:30  INFO 56764 --- [hashtag-service] [org.springframework.kafka.KafkaListenerEndpointContainer#0-0-C-1] o.a.k.c.c.internals.ConsumerCoordinator  : [Consumer clientId=consumer-hashtag-analytics-group-1, groupId=hashtag-analytics-group] Request joining group due to: consumer pro-actively leaving the group
2025-07-18T17:46:31.122+05:30  INFO 56764 --- [hashtag-service] [org.springframework.kafka.KafkaListenerEndpointContainer#0-0-C-1] o.a.k.c.c.i.ClassicKafkaConsumer         : [Consumer clientId=consumer-hashtag-analytics-group-1, groupId=hashtag-analytics-group] Unsubscribed all topics or patterns and assigned partitions
2025-07-18T17:46:31.123+05:30  INFO 56764 --- [hashtag-service] [org.springframework.kafka.KafkaListenerEndpointContainer#0-0-C-1] o.a.k.c.c.internals.ConsumerCoordinator  : [Consumer clientId=consumer-hashtag-analytics-group-1, groupId=hashtag-analytics-group] Resetting generation and member id due to: consumer pro-actively leaving the group
2025-07-18T17:46:31.123+05:30  INFO 56764 --- [hashtag-service] [org.springframework.kafka.KafkaListenerEndpointContainer#0-0-C-1] o.a.k.c.c.internals.ConsumerCoordinator  : [Consumer clientId=consumer-hashtag-analytics-group-1, groupId=hashtag-analytics-group] Request joining group due to: consumer pro-actively leaving the group
2025-07-18T17:46:31.125+05:30  INFO 56764 --- [hashtag-service] [org.springframework.kafka.KafkaListenerEndpointContainer#0-0-C-1] o.apache.kafka.common.metrics.Metrics    : Metrics scheduler closed
2025-07-18T17:46:31.125+05:30  INFO 56764 --- [hashtag-service] [org.springframework.kafka.KafkaListenerEndpointContainer#0-0-C-1] o.apache.kafka.common.metrics.Metrics    : Closing reporter org.apache.kafka.common.metrics.JmxReporter
2025-07-18T17:46:31.125+05:30  INFO 56764 --- [hashtag-service] [org.springframework.kafka.KafkaListenerEndpointContainer#0-0-C-1] o.apache.kafka.common.metrics.Metrics    : Closing reporter org.apache.kafka.common.telemetry.internals.ClientTelemetryReporter
2025-07-18T17:46:31.125+05:30  INFO 56764 --- [hashtag-service] [org.springframework.kafka.KafkaListenerEndpointContainer#0-0-C-1] o.apache.kafka.common.metrics.Metrics    : Metrics reporters closed
2025-07-18T17:46:31.127+05:30  INFO 56764 --- [hashtag-service] [org.springframework.kafka.KafkaListenerEndpointContainer#0-0-C-1] o.a.kafka.common.utils.AppInfoParser     : App info kafka.consumer for consumer-hashtag-analytics-group-1 unregistered
2025-07-18T17:46:31.127+05:30  INFO 56764 --- [hashtag-service] [org.springframework.kafka.KafkaListenerEndpointContainer#0-0-C-1] o.s.k.l.KafkaMessageListenerContainer    : hashtag-analytics-group: Consumer stopped
2025-07-18T18:09:23.715+05:30  INFO 57659 --- [hashtag-service] [main] c.e.h.HashtagServiceApplicationTests     : Starting HashtagServiceApplicationTests using Java 24.0.1 with PID 57659 (started by amithavikraman in /Users/amithavikraman/Documents/Coding/hashtag-analytics-service/hashtag-service)
2025-07-18T18:09:23.717+05:30 DEBUG 57659 --- [hashtag-service] [main] c.e.h.HashtagServiceApplicationTests     : Running with Spring Boot v3.5.3, Spring v6.2.8
2025-07-18T18:09:23.718+05:30  INFO 57659 --- [hashtag-service] [main] c.e.h.HashtagServiceApplicationTests     : The following 1 profile is active: "local"
2025-07-18T18:09:24.005+05:30  INFO 57659 --- [hashtag-service] [main] .s.d.r.c.RepositoryConfigurationDelegate : Multiple Spring Data modules found, entering strict repository configuration mode
2025-07-18T18:09:24.007+05:30  INFO 57659 --- [hashtag-service] [main] .s.d.r.c.RepositoryConfigurationDelegate : Bootstrapping Spring Data Redis repositories in DEFAULT mode.
2025-07-18T18:09:24.022+05:30  INFO 57659 --- [hashtag-service] [main] .s.d.r.c.RepositoryConfigurationDelegate : Finished Spring Data repository scanning in 6 ms. Found 0 Redis repository interfaces.
2025-07-18T18:09:24.678+05:30  INFO 57659 --- [hashtag-service] [main] o.a.k.clients.consumer.ConsumerConfig    : ConsumerConfig values: 
	allow.auto.create.topics = true
	auto.commit.interval.ms = 5000
	auto.include.jmx.reporter = true
	auto.offset.reset = earliest
	bootstrap.servers = [localhost:9092]
	check.crcs = true
	client.dns.lookup = use_all_dns_ips
	client.id = consumer-hashtag-analytics-group-1
	client.rack = 
	connections.max.idle.ms = 540000
	default.api.timeout.ms = 60000
	enable.auto.commit = false
	enable.metrics.push = true
	exclude.internal.topics = true
	fetch.max.bytes = 52428800
	fetch.max.wait.ms = 500
	fetch.min.bytes = 1
	group.id = hashtag-analytics-group
	group.instance.id = null
	group.protocol = classic
	group.remote.assignor = null
	heartbeat.interval.ms = 3000
	interceptor.classes = []
	internal.leave.group.on.close = true
	internal.throw.on.fetch.stable.offset.unsupported = false
	isolation.level = read_uncommitted
	key.deserializer = class org.apache.kafka.common.serialization.StringDeserializer
	max.partition.fetch.bytes = 1048576
	max.poll.interval.ms = 300000
	max.poll.records = 500
	metadata.max.age.ms = 300000
	metadata.recovery.strategy = none
	metric.reporters = []
	metrics.num.samples = 2
	metrics.recording.level = INFO
	metrics.sample.window.ms = 30000
	partition.assignment.strategy = [class org.apache.kafka.clients.consumer.RangeAssignor, class org.apache.kafka.clients.consumer.CooperativeStickyAssignor]
	receive.buffer.bytes = 65536
	reconnect.backoff.max.ms = 1000
	reconnect.backoff.ms = 50
	request.timeout.ms = 30000
	retry.backoff.max.ms = 1000
	retry.backoff.ms = 100
	sasl.client.callback.handler.class = null
	sasl.jaas.config = null
	sasl.kerberos.kinit.cmd = /usr/bin/kinit
	sasl.kerberos.min.time.before.relogin = 60000
	sasl.kerberos.service.name = null
	sasl.kerberos.ticket.renew.jitter = 0.05
	sasl.kerberos.ticket.renew.window.factor = 0.8
	sasl.login.callback.handler.class = null
	sasl.login.class = null
	sasl.login.connect.timeout.ms = null
	sasl.login.read.timeout.ms = null
	sasl.login.refresh.buffer.seconds = 300
	sasl.login.refresh.min.period.seconds = 60
	sasl.login.refresh.window.factor = 0.8
	sasl.login.refresh.window.jitter = 0.05
	sasl.login.retry.backoff.max.ms = 10000
	sasl.login.retry.backoff.ms = 100
	sasl.mechanism = GSSAPI
	sasl.oauthbearer.clock.skew.seconds = 30
	sasl.oauthbearer.expected.audience = null
	sasl.oauthbearer.expected.issuer = null
	sasl.oauthbearer.header.urlencode = false
	sasl.oauthbearer.jwks.endpoint.refresh.ms = 3600000
	sasl.oauthbearer.jwks.endpoint.retry.backoff.max.ms = 10000
	sasl.oauthbearer.jwks.endpoint.retry.backoff.ms = 100
	sasl.oauthbearer.jwks.endpoint.url = null
	sasl.oauthbearer.scope.claim.name = scope
	sasl.oauthbearer.sub.claim.name = sub
	sasl.oauthbearer.token.endpoint.url = null
	security.protocol = PLAINTEXT
	security.providers = null
	send.buffer.bytes = 131072
	session.timeout.ms = 45000
	socket.connection.setup.timeout.max.ms = 30000
	socket.connection.setup.timeout.ms = 10000
	ssl.cipher.suites = null
	ssl.enabled.protocols = [TLSv1.2, TLSv1.3]
	ssl.endpoint.identification.algorithm = https
	ssl.engine.factory.class = null
	ssl.key.password = null
	ssl.keymanager.algorithm = SunX509
	ssl.keystore.certificate.chain = null
	ssl.keystore.key = null
	ssl.keystore.location = null
	ssl.keystore.password = null
	ssl.keystore.type = JKS
	ssl.protocol = TLSv1.3
	ssl.provider = null
	ssl.secure.random.implementation = null
	ssl.trustmanager.algorithm = PKIX
	ssl.truststore.certificates = null
	ssl.truststore.location = null
	ssl.truststore.password = null
	ssl.truststore.type = JKS
	value.deserializer = class org.apache.kafka.common.serialization.StringDeserializer

2025-07-18T18:09:24.700+05:30  INFO 57659 --- [hashtag-service] [main] o.a.k.c.t.i.KafkaMetricsCollector        : initializing Kafka metrics collector
2025-07-18T18:09:24.802+05:30  INFO 57659 --- [hashtag-service] [main] o.a.kafka.common.utils.AppInfoParser     : Kafka version: 3.9.1
2025-07-18T18:09:24.803+05:30  INFO 57659 --- [hashtag-service] [main] o.a.kafka.common.utils.AppInfoParser     : Kafka commitId: f745dfdcee2b9851
2025-07-18T18:09:24.803+05:30  INFO 57659 --- [hashtag-service] [main] o.a.kafka.common.utils.AppInfoParser     : Kafka startTimeMs: 1752842364802
2025-07-18T18:09:24.805+05:30  INFO 57659 --- [hashtag-service] [main] o.a.k.c.c.i.ClassicKafkaConsumer         : [Consumer clientId=consumer-hashtag-analytics-group-1, groupId=hashtag-analytics-group] Subscribed to topic(s): captions
2025-07-18T18:09:24.814+05:30  INFO 57659 --- [hashtag-service] [main] c.e.h.HashtagServiceApplicationTests     : Started HashtagServiceApplicationTests in 1.262 seconds (process running for 1.735)
2025-07-18T18:09:24.942+05:30  INFO 57659 --- [hashtag-service] [org.springframework.kafka.KafkaListenerEndpointContainer#0-0-C-1] org.apache.kafka.clients.NetworkClient   : [Consumer clientId=consumer-hashtag-analytics-group-1, groupId=hashtag-analytics-group] Node -1 disconnected.
2025-07-18T18:09:24.943+05:30  WARN 57659 --- [hashtag-service] [org.springframework.kafka.KafkaListenerEndpointContainer#0-0-C-1] org.apache.kafka.clients.NetworkClient   : [Consumer clientId=consumer-hashtag-analytics-group-1, groupId=hashtag-analytics-group] Connection to node -1 (localhost/127.0.0.1:9092) could not be established. Node may not be available.
2025-07-18T18:09:24.943+05:30  WARN 57659 --- [hashtag-service] [org.springframework.kafka.KafkaListenerEndpointContainer#0-0-C-1] org.apache.kafka.clients.NetworkClient   : [Consumer clientId=consumer-hashtag-analytics-group-1, groupId=hashtag-analytics-group] Bootstrap broker localhost:9092 (id: -1 rack: null) disconnected
2025-07-18T18:09:25.040+05:30  INFO 57659 --- [hashtag-service] [org.springframework.kafka.KafkaListenerEndpointContainer#0-0-C-1] org.apache.kafka.clients.NetworkClient   : [Consumer clientId=consumer-hashtag-analytics-group-1, groupId=hashtag-analytics-group] Node -1 disconnected.
2025-07-18T18:09:25.040+05:30  WARN 57659 --- [hashtag-service] [org.springframework.kafka.KafkaListenerEndpointContainer#0-0-C-1] org.apache.kafka.clients.NetworkClient   : [Consumer clientId=consumer-hashtag-analytics-group-1, groupId=hashtag-analytics-group] Connection to node -1 (localhost/127.0.0.1:9092) could not be established. Node may not be available.
2025-07-18T18:09:25.041+05:30  WARN 57659 --- [hashtag-service] [org.springframework.kafka.KafkaListenerEndpointContainer#0-0-C-1] org.apache.kafka.clients.NetworkClient   : [Consumer clientId=consumer-hashtag-analytics-group-1, groupId=hashtag-analytics-group] Bootstrap broker localhost:9092 (id: -1 rack: null) disconnected
2025-07-18T18:09:25.195+05:30  INFO 57659 --- [hashtag-service] [org.springframework.kafka.KafkaListenerEndpointContainer#0-0-C-1] org.apache.kafka.clients.NetworkClient   : [Consumer clientId=consumer-hashtag-analytics-group-1, groupId=hashtag-analytics-group] Node -1 disconnected.
2025-07-18T18:09:25.195+05:30  WARN 57659 --- [hashtag-service] [org.springframework.kafka.KafkaListenerEndpointContainer#0-0-C-1] org.apache.kafka.clients.NetworkClient   : [Consumer clientId=consumer-hashtag-analytics-group-1, groupId=hashtag-analytics-group] Connection to node -1 (localhost/127.0.0.1:9092) could not be established. Node may not be available.
2025-07-18T18:09:25.195+05:30  WARN 57659 --- [hashtag-service] [org.springframework.kafka.KafkaListenerEndpointContainer#0-0-C-1] org.apache.kafka.clients.NetworkClient   : [Consumer clientId=consumer-hashtag-analytics-group-1, groupId=hashtag-analytics-group] Bootstrap broker localhost:9092 (id: -1 rack: null) disconnected
2025-07-18T18:09:25.213+05:30  INFO 57659 --- [hashtag-service] [org.springframework.kafka.KafkaListenerEndpointContainer#0-0-C-1] o.a.k.c.c.internals.ConsumerCoordinator  : [Consumer clientId=consumer-hashtag-analytics-group-1, groupId=hashtag-analytics-group] Resetting generation and member id due to: consumer pro-actively leaving the group
2025-07-18T18:09:25.214+05:30  INFO 57659 --- [hashtag-service] [org.springframework.kafka.KafkaListenerEndpointContainer#0-0-C-1] o.a.k.c.c.internals.ConsumerCoordinator  : [Consumer clientId=consumer-hashtag-analytics-group-1, groupId=hashtag-analytics-group] Request joining group due to: consumer pro-actively leaving the group
2025-07-18T18:09:25.214+05:30  INFO 57659 --- [hashtag-service] [org.springframework.kafka.KafkaListenerEndpointContainer#0-0-C-1] o.a.k.c.c.i.ClassicKafkaConsumer         : [Consumer clientId=consumer-hashtag-analytics-group-1, groupId=hashtag-analytics-group] Unsubscribed all topics or patterns and assigned partitions
2025-07-18T18:09:25.215+05:30  INFO 57659 --- [hashtag-service] [org.springframework.kafka.KafkaListenerEndpointContainer#0-0-C-1] o.a.k.c.c.internals.ConsumerCoordinator  : [Consumer clientId=consumer-hashtag-analytics-group-1, groupId=hashtag-analytics-group] Resetting generation and member id due to: consumer pro-actively leaving the group
2025-07-18T18:09:25.215+05:30  INFO 57659 --- [hashtag-service] [org.springframework.kafka.KafkaListenerEndpointContainer#0-0-C-1] o.a.k.c.c.internals.ConsumerCoordinator  : [Consumer clientId=consumer-hashtag-analytics-group-1, groupId=hashtag-analytics-group] Request joining group due to: consumer pro-actively leaving the group
2025-07-18T18:09:25.217+05:30  INFO 57659 --- [hashtag-service] [org.springframework.kafka.KafkaListenerEndpointContainer#0-0-C-1] o.apache.kafka.common.metrics.Metrics    : Metrics scheduler closed
2025-07-18T18:09:25.217+05:30  INFO 57659 --- [hashtag-service] [org.springframework.kafka.KafkaListenerEndpointContainer#0-0-C-1] o.apache.kafka.common.metrics.Metrics    : Closing reporter org.apache.kafka.common.metrics.JmxReporter
2025-07-18T18:09:25.217+05:30  INFO 57659 --- [hashtag-service] [org.springframework.kafka.KafkaListenerEndpointContainer#0-0-C-1] o.apache.kafka.common.metrics.Metrics    : Closing reporter org.apache.kafka.common.telemetry.internals.ClientTelemetryReporter
2025-07-18T18:09:25.217+05:30  INFO 57659 --- [hashtag-service] [org.springframework.kafka.KafkaListenerEndpointContainer#0-0-C-1] o.apache.kafka.common.metrics.Metrics    : Metrics reporters closed
2025-07-18T18:09:25.219+05:30  INFO 57659 --- [hashtag-service] [org.springframework.kafka.KafkaListenerEndpointContainer#0-0-C-1] o.a.kafka.common.utils.AppInfoParser     : App info kafka.consumer for consumer-hashtag-analytics-group-1 unregistered
2025-07-18T18:09:25.220+05:30  INFO 57659 --- [hashtag-service] [org.springframework.kafka.KafkaListenerEndpointContainer#0-0-C-1] o.s.k.l.KafkaMessageListenerContainer    : hashtag-analytics-group: Consumer stopped
2025-07-18T18:21:09.844+05:30  INFO 58184 --- [hashtag-service] [main] c.e.h.HashtagServiceApplicationTests     : Starting HashtagServiceApplicationTests using Java 24.0.1 with PID 58184 (started by amithavikraman in /Users/amithavikraman/Documents/Coding/hashtag-analytics-service/hashtag-service)
2025-07-18T18:21:09.846+05:30 DEBUG 58184 --- [hashtag-service] [main] c.e.h.HashtagServiceApplicationTests     : Running with Spring Boot v3.5.3, Spring v6.2.8
2025-07-18T18:21:09.846+05:30  INFO 58184 --- [hashtag-service] [main] c.e.h.HashtagServiceApplicationTests     : The following 1 profile is active: "local"
2025-07-18T18:21:10.148+05:30  INFO 58184 --- [hashtag-service] [main] .s.d.r.c.RepositoryConfigurationDelegate : Multiple Spring Data modules found, entering strict repository configuration mode
2025-07-18T18:21:10.149+05:30  INFO 58184 --- [hashtag-service] [main] .s.d.r.c.RepositoryConfigurationDelegate : Bootstrapping Spring Data Redis repositories in DEFAULT mode.
2025-07-18T18:21:10.164+05:30  INFO 58184 --- [hashtag-service] [main] .s.d.r.c.RepositoryConfigurationDelegate : Finished Spring Data repository scanning in 6 ms. Found 0 Redis repository interfaces.
2025-07-18T18:21:10.806+05:30  INFO 58184 --- [hashtag-service] [main] o.a.k.clients.consumer.ConsumerConfig    : ConsumerConfig values: 
	allow.auto.create.topics = true
	auto.commit.interval.ms = 5000
	auto.include.jmx.reporter = true
	auto.offset.reset = earliest
	bootstrap.servers = [localhost:9092]
	check.crcs = true
	client.dns.lookup = use_all_dns_ips
	client.id = consumer-hashtag-analytics-group-1
	client.rack = 
	connections.max.idle.ms = 540000
	default.api.timeout.ms = 60000
	enable.auto.commit = false
	enable.metrics.push = true
	exclude.internal.topics = true
	fetch.max.bytes = 52428800
	fetch.max.wait.ms = 500
	fetch.min.bytes = 1
	group.id = hashtag-analytics-group
	group.instance.id = null
	group.protocol = classic
	group.remote.assignor = null
	heartbeat.interval.ms = 3000
	interceptor.classes = []
	internal.leave.group.on.close = true
	internal.throw.on.fetch.stable.offset.unsupported = false
	isolation.level = read_uncommitted
	key.deserializer = class org.apache.kafka.common.serialization.StringDeserializer
	max.partition.fetch.bytes = 1048576
	max.poll.interval.ms = 300000
	max.poll.records = 500
	metadata.max.age.ms = 300000
	metadata.recovery.strategy = none
	metric.reporters = []
	metrics.num.samples = 2
	metrics.recording.level = INFO
	metrics.sample.window.ms = 30000
	partition.assignment.strategy = [class org.apache.kafka.clients.consumer.RangeAssignor, class org.apache.kafka.clients.consumer.CooperativeStickyAssignor]
	receive.buffer.bytes = 65536
	reconnect.backoff.max.ms = 1000
	reconnect.backoff.ms = 50
	request.timeout.ms = 30000
	retry.backoff.max.ms = 1000
	retry.backoff.ms = 100
	sasl.client.callback.handler.class = null
	sasl.jaas.config = null
	sasl.kerberos.kinit.cmd = /usr/bin/kinit
	sasl.kerberos.min.time.before.relogin = 60000
	sasl.kerberos.service.name = null
	sasl.kerberos.ticket.renew.jitter = 0.05
	sasl.kerberos.ticket.renew.window.factor = 0.8
	sasl.login.callback.handler.class = null
	sasl.login.class = null
	sasl.login.connect.timeout.ms = null
	sasl.login.read.timeout.ms = null
	sasl.login.refresh.buffer.seconds = 300
	sasl.login.refresh.min.period.seconds = 60
	sasl.login.refresh.window.factor = 0.8
	sasl.login.refresh.window.jitter = 0.05
	sasl.login.retry.backoff.max.ms = 10000
	sasl.login.retry.backoff.ms = 100
	sasl.mechanism = GSSAPI
	sasl.oauthbearer.clock.skew.seconds = 30
	sasl.oauthbearer.expected.audience = null
	sasl.oauthbearer.expected.issuer = null
	sasl.oauthbearer.header.urlencode = false
	sasl.oauthbearer.jwks.endpoint.refresh.ms = 3600000
	sasl.oauthbearer.jwks.endpoint.retry.backoff.max.ms = 10000
	sasl.oauthbearer.jwks.endpoint.retry.backoff.ms = 100
	sasl.oauthbearer.jwks.endpoint.url = null
	sasl.oauthbearer.scope.claim.name = scope
	sasl.oauthbearer.sub.claim.name = sub
	sasl.oauthbearer.token.endpoint.url = null
	security.protocol = PLAINTEXT
	security.providers = null
	send.buffer.bytes = 131072
	session.timeout.ms = 45000
	socket.connection.setup.timeout.max.ms = 30000
	socket.connection.setup.timeout.ms = 10000
	ssl.cipher.suites = null
	ssl.enabled.protocols = [TLSv1.2, TLSv1.3]
	ssl.endpoint.identification.algorithm = https
	ssl.engine.factory.class = null
	ssl.key.password = null
	ssl.keymanager.algorithm = SunX509
	ssl.keystore.certificate.chain = null
	ssl.keystore.key = null
	ssl.keystore.location = null
	ssl.keystore.password = null
	ssl.keystore.type = JKS
	ssl.protocol = TLSv1.3
	ssl.provider = null
	ssl.secure.random.implementation = null
	ssl.trustmanager.algorithm = PKIX
	ssl.truststore.certificates = null
	ssl.truststore.location = null
	ssl.truststore.password = null
	ssl.truststore.type = JKS
	value.deserializer = class org.apache.kafka.common.serialization.StringDeserializer

2025-07-18T18:21:10.834+05:30  INFO 58184 --- [hashtag-service] [main] o.a.k.c.t.i.KafkaMetricsCollector        : initializing Kafka metrics collector
2025-07-18T18:21:10.917+05:30  INFO 58184 --- [hashtag-service] [main] o.a.kafka.common.utils.AppInfoParser     : Kafka version: 3.9.1
2025-07-18T18:21:10.918+05:30  INFO 58184 --- [hashtag-service] [main] o.a.kafka.common.utils.AppInfoParser     : Kafka commitId: f745dfdcee2b9851
2025-07-18T18:21:10.918+05:30  INFO 58184 --- [hashtag-service] [main] o.a.kafka.common.utils.AppInfoParser     : Kafka startTimeMs: 1752843070917
2025-07-18T18:21:10.920+05:30  INFO 58184 --- [hashtag-service] [main] o.a.k.c.c.i.ClassicKafkaConsumer         : [Consumer clientId=consumer-hashtag-analytics-group-1, groupId=hashtag-analytics-group] Subscribed to topic(s): captions
2025-07-18T18:21:10.929+05:30  INFO 58184 --- [hashtag-service] [main] c.e.h.HashtagServiceApplicationTests     : Started HashtagServiceApplicationTests in 1.236 seconds (process running for 1.718)
2025-07-18T18:21:11.067+05:30  INFO 58184 --- [hashtag-service] [org.springframework.kafka.KafkaListenerEndpointContainer#0-0-C-1] org.apache.kafka.clients.NetworkClient   : [Consumer clientId=consumer-hashtag-analytics-group-1, groupId=hashtag-analytics-group] Node -1 disconnected.
2025-07-18T18:21:11.068+05:30  WARN 58184 --- [hashtag-service] [org.springframework.kafka.KafkaListenerEndpointContainer#0-0-C-1] org.apache.kafka.clients.NetworkClient   : [Consumer clientId=consumer-hashtag-analytics-group-1, groupId=hashtag-analytics-group] Connection to node -1 (localhost/127.0.0.1:9092) could not be established. Node may not be available.
2025-07-18T18:21:11.068+05:30  WARN 58184 --- [hashtag-service] [org.springframework.kafka.KafkaListenerEndpointContainer#0-0-C-1] org.apache.kafka.clients.NetworkClient   : [Consumer clientId=consumer-hashtag-analytics-group-1, groupId=hashtag-analytics-group] Bootstrap broker localhost:9092 (id: -1 rack: null) disconnected
2025-07-18T18:21:11.190+05:30  INFO 58184 --- [hashtag-service] [org.springframework.kafka.KafkaListenerEndpointContainer#0-0-C-1] org.apache.kafka.clients.NetworkClient   : [Consumer clientId=consumer-hashtag-analytics-group-1, groupId=hashtag-analytics-group] Node -1 disconnected.
2025-07-18T18:21:11.190+05:30  WARN 58184 --- [hashtag-service] [org.springframework.kafka.KafkaListenerEndpointContainer#0-0-C-1] org.apache.kafka.clients.NetworkClient   : [Consumer clientId=consumer-hashtag-analytics-group-1, groupId=hashtag-analytics-group] Connection to node -1 (localhost/127.0.0.1:9092) could not be established. Node may not be available.
2025-07-18T18:21:11.191+05:30  WARN 58184 --- [hashtag-service] [org.springframework.kafka.KafkaListenerEndpointContainer#0-0-C-1] org.apache.kafka.clients.NetworkClient   : [Consumer clientId=consumer-hashtag-analytics-group-1, groupId=hashtag-analytics-group] Bootstrap broker localhost:9092 (id: -1 rack: null) disconnected
2025-07-18T18:21:11.294+05:30  INFO 58184 --- [hashtag-service] [org.springframework.kafka.KafkaListenerEndpointContainer#0-0-C-1] org.apache.kafka.clients.NetworkClient   : [Consumer clientId=consumer-hashtag-analytics-group-1, groupId=hashtag-analytics-group] Node -1 disconnected.
2025-07-18T18:21:11.294+05:30  WARN 58184 --- [hashtag-service] [org.springframework.kafka.KafkaListenerEndpointContainer#0-0-C-1] org.apache.kafka.clients.NetworkClient   : [Consumer clientId=consumer-hashtag-analytics-group-1, groupId=hashtag-analytics-group] Connection to node -1 (localhost/127.0.0.1:9092) could not be established. Node may not be available.
2025-07-18T18:21:11.294+05:30  WARN 58184 --- [hashtag-service] [org.springframework.kafka.KafkaListenerEndpointContainer#0-0-C-1] org.apache.kafka.clients.NetworkClient   : [Consumer clientId=consumer-hashtag-analytics-group-1, groupId=hashtag-analytics-group] Bootstrap broker localhost:9092 (id: -1 rack: null) disconnected
2025-07-18T18:21:11.333+05:30  INFO 58184 --- [hashtag-service] [org.springframework.kafka.KafkaListenerEndpointContainer#0-0-C-1] o.a.k.c.c.internals.ConsumerCoordinator  : [Consumer clientId=consumer-hashtag-analytics-group-1, groupId=hashtag-analytics-group] Resetting generation and member id due to: consumer pro-actively leaving the group
2025-07-18T18:21:11.333+05:30  INFO 58184 --- [hashtag-service] [org.springframework.kafka.KafkaListenerEndpointContainer#0-0-C-1] o.a.k.c.c.internals.ConsumerCoordinator  : [Consumer clientId=consumer-hashtag-analytics-group-1, groupId=hashtag-analytics-group] Request joining group due to: consumer pro-actively leaving the group
2025-07-18T18:21:11.333+05:30  INFO 58184 --- [hashtag-service] [org.springframework.kafka.KafkaListenerEndpointContainer#0-0-C-1] o.a.k.c.c.i.ClassicKafkaConsumer         : [Consumer clientId=consumer-hashtag-analytics-group-1, groupId=hashtag-analytics-group] Unsubscribed all topics or patterns and assigned partitions
2025-07-18T18:21:11.334+05:30  INFO 58184 --- [hashtag-service] [org.springframework.kafka.KafkaListenerEndpointContainer#0-0-C-1] o.a.k.c.c.internals.ConsumerCoordinator  : [Consumer clientId=consumer-hashtag-analytics-group-1, groupId=hashtag-analytics-group] Resetting generation and member id due to: consumer pro-actively leaving the group
2025-07-18T18:21:11.334+05:30  INFO 58184 --- [hashtag-service] [org.springframework.kafka.KafkaListenerEndpointContainer#0-0-C-1] o.a.k.c.c.internals.ConsumerCoordinator  : [Consumer clientId=consumer-hashtag-analytics-group-1, groupId=hashtag-analytics-group] Request joining group due to: consumer pro-actively leaving the group
2025-07-18T18:21:11.336+05:30  INFO 58184 --- [hashtag-service] [org.springframework.kafka.KafkaListenerEndpointContainer#0-0-C-1] o.apache.kafka.common.metrics.Metrics    : Metrics scheduler closed
2025-07-18T18:21:11.336+05:30  INFO 58184 --- [hashtag-service] [org.springframework.kafka.KafkaListenerEndpointContainer#0-0-C-1] o.apache.kafka.common.metrics.Metrics    : Closing reporter org.apache.kafka.common.metrics.JmxReporter
2025-07-18T18:21:11.336+05:30  INFO 58184 --- [hashtag-service] [org.springframework.kafka.KafkaListenerEndpointContainer#0-0-C-1] o.apache.kafka.common.metrics.Metrics    : Closing reporter org.apache.kafka.common.telemetry.internals.ClientTelemetryReporter
2025-07-18T18:21:11.337+05:30  INFO 58184 --- [hashtag-service] [org.springframework.kafka.KafkaListenerEndpointContainer#0-0-C-1] o.apache.kafka.common.metrics.Metrics    : Metrics reporters closed
2025-07-18T18:21:11.339+05:30  INFO 58184 --- [hashtag-service] [org.springframework.kafka.KafkaListenerEndpointContainer#0-0-C-1] o.a.kafka.common.utils.AppInfoParser     : App info kafka.consumer for consumer-hashtag-analytics-group-1 unregistered
2025-07-18T18:21:11.339+05:30  INFO 58184 --- [hashtag-service] [org.springframework.kafka.KafkaListenerEndpointContainer#0-0-C-1] o.s.k.l.KafkaMessageListenerContainer    : hashtag-analytics-group: Consumer stopped
2025-07-18T19:26:02.571+05:30  INFO 58836 --- [hashtag-service] [main] c.e.h.HashtagServiceApplicationTests     : Starting HashtagServiceApplicationTests using Java 24.0.1 with PID 58836 (started by amithavikraman in /Users/amithavikraman/Documents/Coding/hashtag-analytics-service/hashtag-service)
2025-07-18T19:26:02.572+05:30 DEBUG 58836 --- [hashtag-service] [main] c.e.h.HashtagServiceApplicationTests     : Running with Spring Boot v3.5.3, Spring v6.2.8
2025-07-18T19:26:02.572+05:30  INFO 58836 --- [hashtag-service] [main] c.e.h.HashtagServiceApplicationTests     : The following 1 profile is active: "local"
2025-07-18T19:26:02.873+05:30  INFO 58836 --- [hashtag-service] [main] .s.d.r.c.RepositoryConfigurationDelegate : Multiple Spring Data modules found, entering strict repository configuration mode
2025-07-18T19:26:02.874+05:30  INFO 58836 --- [hashtag-service] [main] .s.d.r.c.RepositoryConfigurationDelegate : Bootstrapping Spring Data Redis repositories in DEFAULT mode.
2025-07-18T19:26:02.889+05:30  INFO 58836 --- [hashtag-service] [main] .s.d.r.c.RepositoryConfigurationDelegate : Finished Spring Data repository scanning in 5 ms. Found 0 Redis repository interfaces.
2025-07-18T19:26:03.554+05:30  INFO 58836 --- [hashtag-service] [main] o.a.k.clients.consumer.ConsumerConfig    : ConsumerConfig values: 
	allow.auto.create.topics = true
	auto.commit.interval.ms = 5000
	auto.include.jmx.reporter = true
	auto.offset.reset = earliest
	bootstrap.servers = [localhost:9092]
	check.crcs = true
	client.dns.lookup = use_all_dns_ips
	client.id = consumer-hashtag-analytics-group-1
	client.rack = 
	connections.max.idle.ms = 540000
	default.api.timeout.ms = 60000
	enable.auto.commit = false
	enable.metrics.push = true
	exclude.internal.topics = true
	fetch.max.bytes = 52428800
	fetch.max.wait.ms = 500
	fetch.min.bytes = 1
	group.id = hashtag-analytics-group
	group.instance.id = null
	group.protocol = classic
	group.remote.assignor = null
	heartbeat.interval.ms = 3000
	interceptor.classes = []
	internal.leave.group.on.close = true
	internal.throw.on.fetch.stable.offset.unsupported = false
	isolation.level = read_uncommitted
	key.deserializer = class org.apache.kafka.common.serialization.StringDeserializer
	max.partition.fetch.bytes = 1048576
	max.poll.interval.ms = 300000
	max.poll.records = 500
	metadata.max.age.ms = 300000
	metadata.recovery.strategy = none
	metric.reporters = []
	metrics.num.samples = 2
	metrics.recording.level = INFO
	metrics.sample.window.ms = 30000
	partition.assignment.strategy = [class org.apache.kafka.clients.consumer.RangeAssignor, class org.apache.kafka.clients.consumer.CooperativeStickyAssignor]
	receive.buffer.bytes = 65536
	reconnect.backoff.max.ms = 1000
	reconnect.backoff.ms = 50
	request.timeout.ms = 30000
	retry.backoff.max.ms = 1000
	retry.backoff.ms = 100
	sasl.client.callback.handler.class = null
	sasl.jaas.config = null
	sasl.kerberos.kinit.cmd = /usr/bin/kinit
	sasl.kerberos.min.time.before.relogin = 60000
	sasl.kerberos.service.name = null
	sasl.kerberos.ticket.renew.jitter = 0.05
	sasl.kerberos.ticket.renew.window.factor = 0.8
	sasl.login.callback.handler.class = null
	sasl.login.class = null
	sasl.login.connect.timeout.ms = null
	sasl.login.read.timeout.ms = null
	sasl.login.refresh.buffer.seconds = 300
	sasl.login.refresh.min.period.seconds = 60
	sasl.login.refresh.window.factor = 0.8
	sasl.login.refresh.window.jitter = 0.05
	sasl.login.retry.backoff.max.ms = 10000
	sasl.login.retry.backoff.ms = 100
	sasl.mechanism = GSSAPI
	sasl.oauthbearer.clock.skew.seconds = 30
	sasl.oauthbearer.expected.audience = null
	sasl.oauthbearer.expected.issuer = null
	sasl.oauthbearer.header.urlencode = false
	sasl.oauthbearer.jwks.endpoint.refresh.ms = 3600000
	sasl.oauthbearer.jwks.endpoint.retry.backoff.max.ms = 10000
	sasl.oauthbearer.jwks.endpoint.retry.backoff.ms = 100
	sasl.oauthbearer.jwks.endpoint.url = null
	sasl.oauthbearer.scope.claim.name = scope
	sasl.oauthbearer.sub.claim.name = sub
	sasl.oauthbearer.token.endpoint.url = null
	security.protocol = PLAINTEXT
	security.providers = null
	send.buffer.bytes = 131072
	session.timeout.ms = 45000
	socket.connection.setup.timeout.max.ms = 30000
	socket.connection.setup.timeout.ms = 10000
	ssl.cipher.suites = null
	ssl.enabled.protocols = [TLSv1.2, TLSv1.3]
	ssl.endpoint.identification.algorithm = https
	ssl.engine.factory.class = null
	ssl.key.password = null
	ssl.keymanager.algorithm = SunX509
	ssl.keystore.certificate.chain = null
	ssl.keystore.key = null
	ssl.keystore.location = null
	ssl.keystore.password = null
	ssl.keystore.type = JKS
	ssl.protocol = TLSv1.3
	ssl.provider = null
	ssl.secure.random.implementation = null
	ssl.trustmanager.algorithm = PKIX
	ssl.truststore.certificates = null
	ssl.truststore.location = null
	ssl.truststore.password = null
	ssl.truststore.type = JKS
	value.deserializer = class org.apache.kafka.common.serialization.StringDeserializer

2025-07-18T19:26:03.576+05:30  INFO 58836 --- [hashtag-service] [main] o.a.k.c.t.i.KafkaMetricsCollector        : initializing Kafka metrics collector
2025-07-18T19:26:03.677+05:30  INFO 58836 --- [hashtag-service] [main] o.a.kafka.common.utils.AppInfoParser     : Kafka version: 3.9.1
2025-07-18T19:26:03.677+05:30  INFO 58836 --- [hashtag-service] [main] o.a.kafka.common.utils.AppInfoParser     : Kafka commitId: f745dfdcee2b9851
2025-07-18T19:26:03.678+05:30  INFO 58836 --- [hashtag-service] [main] o.a.kafka.common.utils.AppInfoParser     : Kafka startTimeMs: 1752846963676
2025-07-18T19:26:03.679+05:30  INFO 58836 --- [hashtag-service] [main] o.a.k.c.c.i.ClassicKafkaConsumer         : [Consumer clientId=consumer-hashtag-analytics-group-1, groupId=hashtag-analytics-group] Subscribed to topic(s): captions
2025-07-18T19:26:03.688+05:30  INFO 58836 --- [hashtag-service] [main] c.e.h.HashtagServiceApplicationTests     : Started HashtagServiceApplicationTests in 1.275 seconds (process running for 1.747)
2025-07-18T19:26:03.830+05:30  INFO 58836 --- [hashtag-service] [org.springframework.kafka.KafkaListenerEndpointContainer#0-0-C-1] org.apache.kafka.clients.NetworkClient   : [Consumer clientId=consumer-hashtag-analytics-group-1, groupId=hashtag-analytics-group] Node -1 disconnected.
2025-07-18T19:26:03.831+05:30  WARN 58836 --- [hashtag-service] [org.springframework.kafka.KafkaListenerEndpointContainer#0-0-C-1] org.apache.kafka.clients.NetworkClient   : [Consumer clientId=consumer-hashtag-analytics-group-1, groupId=hashtag-analytics-group] Connection to node -1 (localhost/127.0.0.1:9092) could not be established. Node may not be available.
2025-07-18T19:26:03.831+05:30  WARN 58836 --- [hashtag-service] [org.springframework.kafka.KafkaListenerEndpointContainer#0-0-C-1] org.apache.kafka.clients.NetworkClient   : [Consumer clientId=consumer-hashtag-analytics-group-1, groupId=hashtag-analytics-group] Bootstrap broker localhost:9092 (id: -1 rack: null) disconnected
2025-07-18T19:26:03.928+05:30  INFO 58836 --- [hashtag-service] [org.springframework.kafka.KafkaListenerEndpointContainer#0-0-C-1] org.apache.kafka.clients.NetworkClient   : [Consumer clientId=consumer-hashtag-analytics-group-1, groupId=hashtag-analytics-group] Node -1 disconnected.
2025-07-18T19:26:03.928+05:30  WARN 58836 --- [hashtag-service] [org.springframework.kafka.KafkaListenerEndpointContainer#0-0-C-1] org.apache.kafka.clients.NetworkClient   : [Consumer clientId=consumer-hashtag-analytics-group-1, groupId=hashtag-analytics-group] Connection to node -1 (localhost/127.0.0.1:9092) could not be established. Node may not be available.
2025-07-18T19:26:03.929+05:30  WARN 58836 --- [hashtag-service] [org.springframework.kafka.KafkaListenerEndpointContainer#0-0-C-1] org.apache.kafka.clients.NetworkClient   : [Consumer clientId=consumer-hashtag-analytics-group-1, groupId=hashtag-analytics-group] Bootstrap broker localhost:9092 (id: -1 rack: null) disconnected
2025-07-18T19:26:04.089+05:30  INFO 58836 --- [hashtag-service] [org.springframework.kafka.KafkaListenerEndpointContainer#0-0-C-1] o.a.k.c.c.internals.ConsumerCoordinator  : [Consumer clientId=consumer-hashtag-analytics-group-1, groupId=hashtag-analytics-group] Resetting generation and member id due to: consumer pro-actively leaving the group
2025-07-18T19:26:04.089+05:30  INFO 58836 --- [hashtag-service] [org.springframework.kafka.KafkaListenerEndpointContainer#0-0-C-1] o.a.k.c.c.internals.ConsumerCoordinator  : [Consumer clientId=consumer-hashtag-analytics-group-1, groupId=hashtag-analytics-group] Request joining group due to: consumer pro-actively leaving the group
2025-07-18T19:26:04.089+05:30  INFO 58836 --- [hashtag-service] [org.springframework.kafka.KafkaListenerEndpointContainer#0-0-C-1] o.a.k.c.c.i.ClassicKafkaConsumer         : [Consumer clientId=consumer-hashtag-analytics-group-1, groupId=hashtag-analytics-group] Unsubscribed all topics or patterns and assigned partitions
2025-07-18T19:26:04.090+05:30  INFO 58836 --- [hashtag-service] [org.springframework.kafka.KafkaListenerEndpointContainer#0-0-C-1] o.a.k.c.c.internals.ConsumerCoordinator  : [Consumer clientId=consumer-hashtag-analytics-group-1, groupId=hashtag-analytics-group] Resetting generation and member id due to: consumer pro-actively leaving the group
2025-07-18T19:26:04.090+05:30  INFO 58836 --- [hashtag-service] [org.springframework.kafka.KafkaListenerEndpointContainer#0-0-C-1] o.a.k.c.c.internals.ConsumerCoordinator  : [Consumer clientId=consumer-hashtag-analytics-group-1, groupId=hashtag-analytics-group] Request joining group due to: consumer pro-actively leaving the group
2025-07-18T19:26:04.092+05:30  INFO 58836 --- [hashtag-service] [org.springframework.kafka.KafkaListenerEndpointContainer#0-0-C-1] o.apache.kafka.common.metrics.Metrics    : Metrics scheduler closed
2025-07-18T19:26:04.092+05:30  INFO 58836 --- [hashtag-service] [org.springframework.kafka.KafkaListenerEndpointContainer#0-0-C-1] o.apache.kafka.common.metrics.Metrics    : Closing reporter org.apache.kafka.common.metrics.JmxReporter
2025-07-18T19:26:04.092+05:30  INFO 58836 --- [hashtag-service] [org.springframework.kafka.KafkaListenerEndpointContainer#0-0-C-1] o.apache.kafka.common.metrics.Metrics    : Closing reporter org.apache.kafka.common.telemetry.internals.ClientTelemetryReporter
2025-07-18T19:26:04.092+05:30  INFO 58836 --- [hashtag-service] [org.springframework.kafka.KafkaListenerEndpointContainer#0-0-C-1] o.apache.kafka.common.metrics.Metrics    : Metrics reporters closed
2025-07-18T19:26:04.095+05:30  INFO 58836 --- [hashtag-service] [org.springframework.kafka.KafkaListenerEndpointContainer#0-0-C-1] o.a.kafka.common.utils.AppInfoParser     : App info kafka.consumer for consumer-hashtag-analytics-group-1 unregistered
2025-07-18T19:26:04.095+05:30  INFO 58836 --- [hashtag-service] [org.springframework.kafka.KafkaListenerEndpointContainer#0-0-C-1] o.s.k.l.KafkaMessageListenerContainer    : hashtag-analytics-group: Consumer stopped
